2021-11-26 22:38:52 INFO  [main]: Connections before get: 8
2021-11-26 22:38:53 INFO  [main]: Connections after get: 7
2021-11-26 22:38:53 INFO  [main]: Executing statement...
2021-11-26 22:38:53 INFO  [main]: Close connection...
2021-11-26 22:38:53 INFO  [main]: Connections before get: 7
2021-11-26 22:38:53 INFO  [main]: Connections after get: 8
2021-11-26 22:39:00 INFO  [main]: Connections before get: 8
2021-11-26 22:39:00 INFO  [main]: Connections after get: 7
2021-11-26 22:39:00 INFO  [main]: Executing statement...
2021-11-26 22:39:00 INFO  [main]: Retrieving data from database...
2021-11-26 22:39:00 INFO  [main]: Close statement...
2021-11-26 22:39:00 INFO  [main]: Close connection...
2021-11-26 22:39:00 INFO  [main]: Connections before get: 7
2021-11-26 22:39:00 INFO  [main]: Connections after get: 8
2021-11-28 10:41:26 INFO  [main]: Connections before get: 8
2021-11-28 10:41:27 INFO  [main]: Connections after get: 7
2021-11-28 10:41:27 INFO  [main]: Executing statement...
2021-11-28 10:41:27 INFO  [main]: Retrieving data from database...
2021-11-28 10:41:27 ERROR [main]: Before start of result set
2021-11-28 13:48:50 INFO  [main]: Connections before get: 8
2021-11-28 13:48:50 INFO  [main]: Connections after get: 7
2021-11-28 13:48:50 INFO  [main]: Connections before get: 7
2021-11-28 13:48:50 INFO  [main]: Connections after get: 6
2021-11-28 13:48:50 INFO  [main]: Executing statement...
2021-11-28 13:48:50 INFO  [main]: Retrieving data from database...
2021-11-28 13:48:50 ERROR [main]: Before start of result set
2021-11-28 13:49:17 INFO  [main]: Connections before get: 8
2021-11-28 13:49:17 INFO  [main]: Connections after get: 7
2021-11-28 13:49:17 INFO  [main]: Executing statement...
2021-11-28 13:49:17 INFO  [main]: Retrieving data from database...
2021-11-28 13:49:17 ERROR [main]: Before start of result set
2021-11-28 14:25:55 INFO  [main]: Connections before get: 8
2021-11-28 14:25:56 INFO  [main]: Connections after get: 7
2021-11-28 14:25:56 INFO  [main]: Connections before get: 7
2021-11-28 14:25:56 INFO  [main]: Connections after get: 6
2021-11-28 14:25:56 INFO  [main]: Executing statement...
2021-11-28 14:25:56 INFO  [main]: Retrieving data from database...
2021-11-28 14:25:56 ERROR [main]: Before start of result set
