2021-11-06 23:03:08 INFO  [main]: Registering JDBC driver...
2021-11-06 23:03:08 INFO  [main]: com.mysql.cj.jdbc.Driver
2021-11-06 23:03:08 INFO  [main]: Creating database connection...
2021-11-06 23:03:08 INFO  [main]: Executing statement...
2021-11-06 23:03:08 INFO  [main]: Retrieving data from database...
2021-11-06 23:03:08 INFO  [main]: Closing connection and releasing resources...
2021-11-06 23:03:08 INFO  [main]: Close statement...
2021-11-06 23:13:14 INFO  [main]: Registering JDBC driver...
2021-11-06 23:13:14 INFO  [main]: com.mysql.cj.jdbc.Driver
2021-11-06 23:13:14 INFO  [main]: Creating database connection...
2021-11-06 23:13:14 INFO  [main]: Executing statement...
2021-11-06 23:17:17 INFO  [main]: Registering JDBC driver...
2021-11-06 23:17:17 INFO  [main]: Creating database connection...
2021-11-06 23:17:18 INFO  [main]: Executing statement...
2021-11-06 23:17:18 INFO  [main]: Retrieving data from database...
2021-11-06 23:17:18 INFO  [main]: Closing connection and releasing resources...
2021-11-06 23:17:18 INFO  [main]: Close statement...
2021-11-07 11:16:38 INFO  [main]: Registering JDBC driver...
2021-11-07 11:16:38 INFO  [main]: Creating database connection...
2021-11-07 11:16:38 INFO  [main]: Executing statement...
2021-11-07 11:16:38 INFO  [main]: Retrieving data from database...
2021-11-07 11:16:38 INFO  [main]: Closing connection and releasing resources...
2021-11-07 11:16:38 INFO  [main]: Close statement...
2021-11-07 11:51:44 INFO  [main]: Registering JDBC driver...
2021-11-07 11:51:44 INFO  [main]: Creating database connection...
2021-11-07 11:51:45 INFO  [main]: Executing statement...
2021-11-07 11:51:45 INFO  [main]: Retrieving data from database...
2021-11-07 11:51:45 INFO  [main]: Closing connection and releasing resources...
2021-11-07 11:51:45 INFO  [main]: Close statement...
2021-11-07 11:52:25 INFO  [main]: Registering JDBC driver...
2021-11-07 11:52:25 INFO  [main]: Creating database connection...
2021-11-07 11:52:25 INFO  [main]: Executing statement...
2021-11-07 11:52:25 INFO  [main]: Retrieving data from database...
2021-11-07 11:52:25 INFO  [main]: Closing connection and releasing resources...
2021-11-07 11:52:25 INFO  [main]: Close statement...
2021-11-07 11:52:26 INFO  [main]: Registering JDBC driver...
2021-11-07 11:52:26 INFO  [main]: Creating database connection...
2021-11-07 11:52:26 INFO  [main]: Executing statement...
2021-11-07 11:52:26 INFO  [main]: Retrieving data from database...
2021-11-07 11:52:26 INFO  [main]: Closing connection and releasing resources...
2021-11-07 11:52:26 INFO  [main]: Close statement...
2021-11-09 14:24:53 INFO  [main]: Registering JDBC driver...
2021-11-09 14:24:53 INFO  [main]: Creating database connection...
2021-11-09 14:24:53 INFO  [main]: Executing statement...
2021-11-12 01:29:08 INFO  [main]: Executing statement...
2021-11-12 01:29:08 INFO  [main]: Retrieving data from database...
2021-11-12 01:29:08 INFO  [main]: Closing connection and releasing resources...
2021-11-12 01:29:08 INFO  [main]: Close statement...
2021-11-12 01:29:08 INFO  [main]: Close connection...
2021-11-12 22:10:52 INFO  [main]: Executing statement...
2021-11-12 22:10:52 INFO  [main]: Retrieving data from database...
2021-11-12 22:10:52 INFO  [main]: Closing connection and releasing resources...
2021-11-12 22:10:52 INFO  [main]: Close statement...
2021-11-12 22:10:52 INFO  [main]: Close connection...
2021-11-12 22:11:02 INFO  [main]: Executing statement...
2021-11-12 22:11:02 INFO  [main]: Delete user from database...
2021-11-12 22:11:02 INFO  [main]: User '1234566' deleted
2021-11-12 22:11:02 INFO  [main]: Close statement...
2021-11-12 22:11:02 INFO  [main]: Close connection...
2021-11-12 22:11:14 INFO  [main]: Executing statement...
2021-11-12 22:11:14 INFO  [main]: Delete user from database...
2021-11-12 22:11:14 INFO  [main]: User '1109148481220725571' deleted
2021-11-12 22:11:14 INFO  [main]: Close statement...
2021-11-12 22:11:14 INFO  [main]: Close connection...
2021-11-12 22:11:26 INFO  [main]: Executing statement...
2021-11-12 22:11:26 INFO  [main]: Delete user from database...
2021-11-12 22:11:26 INFO  [main]: User '2766817619336907296' deleted
2021-11-12 22:11:26 INFO  [main]: Close statement...
2021-11-12 22:11:26 INFO  [main]: Close connection...
2021-11-12 22:11:38 INFO  [main]: Executing statement...
2021-11-12 22:11:38 INFO  [main]: Delete user from database...
2021-11-12 22:11:38 INFO  [main]: User '3775730474024062883' deleted
2021-11-12 22:11:38 INFO  [main]: Close statement...
2021-11-12 22:11:38 INFO  [main]: Close connection...
2021-11-12 22:11:39 INFO  [main]: Executing statement...
2021-11-12 22:11:39 INFO  [main]: Retrieving data from database...
2021-11-12 22:11:39 INFO  [main]: Closing connection and releasing resources...
2021-11-12 22:11:39 INFO  [main]: Close statement...
2021-11-12 22:11:39 INFO  [main]: Close connection...
2021-11-13 18:00:13 INFO  [main]: Executing statement...
2021-11-13 18:00:13 INFO  [main]: Retrieving data from database...
2021-11-13 18:00:13 INFO  [main]: Closing connection and releasing resources...
2021-11-13 18:00:13 INFO  [main]: Close statement...
2021-11-13 18:00:13 INFO  [main]: Close connection...
2021-11-13 19:32:01 INFO  [main]: Connections before get: 5
2021-11-13 19:32:01 INFO  [main]: Connections after get: 4
2021-11-13 19:32:01 INFO  [main]: Executing statement...
2021-11-13 19:32:01 INFO  [main]: Retrieving data from database...
2021-11-13 19:32:01 INFO  [main]: Closing connection and releasing resources...
2021-11-13 19:32:01 INFO  [main]: Close statement...
2021-11-13 19:32:01 INFO  [main]: Close connection...
2021-11-13 19:32:36 INFO  [main]: Connections before get: 4
2021-11-13 19:32:36 INFO  [main]: Connections after get: 3
2021-11-13 19:32:36 INFO  [main]: Executing statement...
2021-11-13 19:32:36 INFO  [main]: Retrieving data from database...
2021-11-13 19:32:36 INFO  [main]: Closing connection and releasing resources...
2021-11-13 19:32:36 INFO  [main]: Close statement...
2021-11-13 19:32:36 INFO  [main]: Close connection...
2021-11-13 19:32:48 INFO  [main]: Connections before get: 3
2021-11-13 19:32:48 INFO  [main]: Connections after get: 2
2021-11-13 19:32:48 INFO  [main]: Executing statement...
2021-11-13 19:32:48 INFO  [main]: Retrieving data from database...
2021-11-13 19:32:48 INFO  [main]: Closing connection and releasing resources...
2021-11-13 19:32:48 INFO  [main]: Close statement...
2021-11-13 19:32:48 INFO  [main]: Close connection...
2021-11-13 19:32:49 INFO  [main]: Connections before get: 2
2021-11-13 19:32:49 INFO  [main]: Connections after get: 1
2021-11-13 19:32:49 INFO  [main]: Executing statement...
2021-11-13 19:32:49 INFO  [main]: Retrieving data from database...
2021-11-13 19:32:49 INFO  [main]: Closing connection and releasing resources...
2021-11-13 19:32:49 INFO  [main]: Close statement...
2021-11-13 19:32:49 INFO  [main]: Close connection...
2021-11-13 19:33:21 INFO  [main]: Connections before get: 1
2021-11-13 19:33:21 INFO  [main]: Connections after get: 0
2021-11-13 19:33:21 INFO  [main]: Executing statement...
2021-11-13 19:33:21 INFO  [main]: Retrieving data from database...
2021-11-13 19:33:21 INFO  [main]: Closing connection and releasing resources...
2021-11-13 19:33:21 INFO  [main]: Close statement...
2021-11-13 19:33:21 INFO  [main]: Close connection...
2021-11-13 19:34:25 INFO  [main]: Connections before get: 0
2021-11-13 19:36:04 INFO  [main]: Connections before get: 5
2021-11-13 19:36:04 INFO  [main]: Connections after get: 4
2021-11-13 19:36:04 INFO  [main]: Executing statement...
2021-11-13 19:36:04 INFO  [main]: Retrieving data from database...
2021-11-13 19:36:04 INFO  [main]: Closing connection and releasing resources...
2021-11-13 19:36:04 INFO  [main]: Close statement...
2021-11-13 19:36:04 INFO  [main]: Close connection...
2021-11-13 19:36:05 INFO  [main]: Connections before get: 4
2021-11-13 19:36:05 INFO  [main]: Connections after get: 3
2021-11-13 19:36:05 INFO  [main]: Executing statement...
2021-11-13 19:36:05 INFO  [main]: Retrieving data from database...
2021-11-13 19:36:05 INFO  [main]: Closing connection and releasing resources...
2021-11-13 19:36:05 INFO  [main]: Close statement...
2021-11-13 19:36:05 INFO  [main]: Close connection...
2021-11-13 19:36:06 INFO  [main]: Connections before get: 3
2021-11-13 19:36:06 INFO  [main]: Connections after get: 2
2021-11-13 19:36:06 INFO  [main]: Executing statement...
2021-11-13 19:36:06 INFO  [main]: Retrieving data from database...
2021-11-13 19:36:06 INFO  [main]: Closing connection and releasing resources...
2021-11-13 19:36:06 INFO  [main]: Close statement...
2021-11-13 19:36:06 INFO  [main]: Close connection...
2021-11-13 19:36:07 INFO  [main]: Connections before get: 2
2021-11-13 19:36:07 INFO  [main]: Connections after get: 1
2021-11-13 19:36:07 INFO  [main]: Executing statement...
2021-11-13 19:36:07 INFO  [main]: Retrieving data from database...
2021-11-13 19:36:07 INFO  [main]: Closing connection and releasing resources...
2021-11-13 19:36:07 INFO  [main]: Close statement...
2021-11-13 19:36:07 INFO  [main]: Close connection...
2021-11-13 19:36:37 INFO  [main]: Connections before get: 1
2021-11-13 19:36:37 INFO  [main]: Connections after get: 0
2021-11-13 19:36:37 INFO  [main]: Executing statement...
2021-11-13 19:36:37 INFO  [main]: Delete user from database...
2021-11-13 19:36:37 INFO  [main]: User '10' deleted
2021-11-13 19:36:37 INFO  [main]: Close statement...
2021-11-13 19:36:37 INFO  [main]: Close connection...
2021-11-13 19:36:37 INFO  [main]: Connections before return: 0
2021-11-13 19:36:37 INFO  [main]: Connections after return: 0
2021-11-13 19:37:06 INFO  [main]: Connections before get: 0
2021-11-13 19:37:06 INFO  [main]: Connections after get: 0
2021-11-13 19:37:06 INFO  [main]: Executing statement...
2021-11-13 19:37:06 INFO  [main]: Retrieving data from database...
2021-11-13 19:37:06 INFO  [main]: Closing connection and releasing resources...
2021-11-13 19:37:06 INFO  [main]: Close statement...
2021-11-13 19:37:06 INFO  [main]: Close connection...
